Determining if the pthread_create exist failed with the following output:
Change Dir: /home/amer/amerdelic@mail.usf.edu/My Projects/Amer_Delic/cmake-build-debug/CMakeFiles/CMakeTmp

Run Build Command:"/usr/bin/make" "cmTC_8e004/fast"
/usr/bin/make -f CMakeFiles/cmTC_8e004.dir/build.make CMakeFiles/cmTC_8e004.dir/build
make[1]: Entering directory '/home/amer/amerdelic@mail.usf.edu/My Projects/Amer_Delic/cmake-build-debug/CMakeFiles/CMakeTmp'
Building C object CMakeFiles/cmTC_8e004.dir/CheckSymbolExists.c.o
/usr/bin/cc    -o CMakeFiles/cmTC_8e004.dir/CheckSymbolExists.c.o   -c "/home/amer/amerdelic@mail.usf.edu/My Projects/Amer_Delic/cmake-build-debug/CMakeFiles/CMakeTmp/CheckSymbolExists.c"
Linking C executable cmTC_8e004
/home/amer/Documents/CLion-2018.3.1/clion-2018.3.1/bin/cmake/linux/bin/cmake -E cmake_link_script CMakeFiles/cmTC_8e004.dir/link.txt --verbose=1
/usr/bin/cc      -rdynamic CMakeFiles/cmTC_8e004.dir/CheckSymbolExists.c.o  -o cmTC_8e004 
/usr/bin/ld: CMakeFiles/cmTC_8e004.dir/CheckSymbolExists.c.o: in function `main':
CheckSymbolExists.c:(.text+0x1b): undefined reference to `pthread_create'
collect2: error: ld returned 1 exit status
make[1]: *** [CMakeFiles/cmTC_8e004.dir/build.make:87: cmTC_8e004] Error 1
make[1]: Leaving directory '/home/amer/amerdelic@mail.usf.edu/My Projects/Amer_Delic/cmake-build-debug/CMakeFiles/CMakeTmp'
make: *** [Makefile:121: cmTC_8e004/fast] Error 2

File /home/amer/amerdelic@mail.usf.edu/My Projects/Amer_Delic/cmake-build-debug/CMakeFiles/CMakeTmp/CheckSymbolExists.c:
/* */
#include <pthread.h>

int main(int argc, char** argv)
{
  (void)argv;
#ifndef pthread_create
  return ((int*)(&pthread_create))[argc];
#else
  (void)argc;
  return 0;
#endif
}

Determining if the function pthread_create exists in the pthreads failed with the following output:
Change Dir: /home/amer/amerdelic@mail.usf.edu/My Projects/Amer_Delic/cmake-build-debug/CMakeFiles/CMakeTmp

Run Build Command:"/usr/bin/make" "cmTC_d42be/fast"
/usr/bin/make -f CMakeFiles/cmTC_d42be.dir/build.make CMakeFiles/cmTC_d42be.dir/build
make[1]: Entering directory '/home/amer/amerdelic@mail.usf.edu/My Projects/Amer_Delic/cmake-build-debug/CMakeFiles/CMakeTmp'
Building C object CMakeFiles/cmTC_d42be.dir/CheckFunctionExists.c.o
/usr/bin/cc   -DCHECK_FUNCTION_EXISTS=pthread_create   -o CMakeFiles/cmTC_d42be.dir/CheckFunctionExists.c.o   -c /home/amer/Documents/CLion-2018.3.1/clion-2018.3.1/bin/cmake/linux/share/cmake-3.13/Modules/CheckFunctionExists.c
Linking C executable cmTC_d42be
/home/amer/Documents/CLion-2018.3.1/clion-2018.3.1/bin/cmake/linux/bin/cmake -E cmake_link_script CMakeFiles/cmTC_d42be.dir/link.txt --verbose=1
/usr/bin/cc  -DCHECK_FUNCTION_EXISTS=pthread_create    -rdynamic CMakeFiles/cmTC_d42be.dir/CheckFunctionExists.c.o  -o cmTC_d42be -lpthreads 
/usr/bin/ld: cannot find -lpthreads
collect2: error: ld returned 1 exit status
make[1]: *** [CMakeFiles/cmTC_d42be.dir/build.make:87: cmTC_d42be] Error 1
make[1]: Leaving directory '/home/amer/amerdelic@mail.usf.edu/My Projects/Amer_Delic/cmake-build-debug/CMakeFiles/CMakeTmp'
make: *** [Makefile:121: cmTC_d42be/fast] Error 2


